\BOOKMARK [0][-]{chapter.0}{\376\377\203\167\217\175\174\173\127\213}{}% 1
\BOOKMARK [0][-]{chapter.1}{\376\377\221\315\122\233\203\167\217\175}{}% 2
\BOOKMARK [1][-]{section.1.1}{\376\377\176\323\147\204\201\352\221\315}{chapter.1}% 3
\BOOKMARK [1][-]{section.1.2}{\376\377\127\037\123\213\122\233}{chapter.1}% 4
\BOOKMARK [1][-]{section.1.3}{\376\377\226\352\203\167\217\175}{chapter.1}% 5
\BOOKMARK [1][-]{section.1.4}{\376\377\154\175\217\146\203\167\217\175}{chapter.1}% 6
\BOOKMARK [1][-]{section.1.5}{\376\377\151\174\227\142\155\073\203\167\217\175}{chapter.1}% 7
\BOOKMARK [1][-]{section.1.6}{\376\377\116\272\177\244\203\167\217\175}{chapter.1}% 8
\BOOKMARK [0][-]{chapter.2}{\376\377\117\247\123\213\122\233}{}% 9
\BOOKMARK [1][-]{section.2.1}{\376\377\127\037\123\213\122\233}{chapter.2}% 10
\BOOKMARK [1][-]{section.2.2}{\376\377\154\064\123\213\122\233}{chapter.2}% 11
\BOOKMARK [1][-]{section.2.3}{\376\377\154\342\155\152\203\167\217\175}{chapter.2}% 12
\BOOKMARK [2][-]{subsection.2.3.1}{\376\377\154\342\155\152\166\204\117\040\144\255\217\307\172\013}{section.2.3}% 13
\BOOKMARK [1][-]{section.2.4}{\376\377\121\273\200\300\122\233}{chapter.2}% 14
\BOOKMARK [1][-]{section.2.5}{\376\377\121\260\123\213\122\233}{chapter.2}% 15
\BOOKMARK [1][-]{section.2.6}{\376\377\144\236\121\373\122\233}{chapter.2}% 16
\BOOKMARK [0][-]{chapter.3}{\376\377\230\316\203\167\217\175}{}% 17
\BOOKMARK [0][-]{chapter.4}{\376\377\127\060\227\007\117\134\165\050}{}% 18
\BOOKMARK [1][-]{section.4.1}{\376\377\123\125\215\050\160\271\117\123\174\373\217\320\122\250\145\271\172\013}{chapter.4}% 19
\BOOKMARK [1][-]{section.4.2}{\376\377\131\032\215\050\160\271\117\123\174\373\217\320\122\250\145\271\172\013}{chapter.4}% 20
\BOOKMARK [0][-]{chapter.5}{\376\377\123\357\227\140\136\246\213\276\213\241\123\237\164\006}{}% 21
\BOOKMARK [1][-]{section.5.1}{\376\377\136\163\172\063\116\214\230\171\226\217\147\072\217\307\172\013\203\167\217\175\152\041\127\213}{chapter.5}% 22
\BOOKMARK [1][-]{section.5.2}{\376\377\000T\000u\000r\000k\000s\000t\000r\000a\176\304\124\010\211\304\122\031}{chapter.5}% 23
\BOOKMARK [1][-]{section.5.3}{\376\377\000J\000C\000S\000S\176\304\124\010\211\304\122\031}{chapter.5}% 24
\BOOKMARK [1][-]{section.5.4}{\376\377\142\227\122\233}{chapter.5}% 25
\BOOKMARK [1][-]{section.5.5}{\376\377\176\323\147\204\123\357\227\140\136\246\176\337\213\241}{chapter.5}% 26
\BOOKMARK [1][-]{section.5.6}{\376\377\116\055\137\303\160\271\154\325}{chapter.5}% 27
\BOOKMARK [0][-]{chapter.6}{\376\377\213\241\173\227\230\230\000\046\146\023\225\031\230\230}{}% 28
