\BOOKMARK [0][-]{chapter.0}{\376\377\147\120\145\231\127\372\147\054\140\047\215\050}{}% 1
\BOOKMARK [1][-]{section.0.1}{\376\377\127\372\147\054\133\232\116\111}{chapter.0}% 2
\BOOKMARK [1][-]{section.0.2}{\376\377\117\134\116\032\230\230}{chapter.0}% 3
\BOOKMARK [0][-]{chapter.1}{\376\377\145\340\147\072\154\024\170\154\140\047\200\366\121\335\147\120\145\231}{}% 4
\BOOKMARK [1][-]{section.1.1}{\376\377\167\363\160\160}{chapter.1}% 5
\BOOKMARK [1][-]{section.1.2}{\376\377\167\363\201\217}{chapter.1}% 6
\BOOKMARK [1][-]{section.1.3}{\376\377\154\064\163\273\164\203}{chapter.1}% 7
\BOOKMARK [1][-]{section.1.4}{\376\377\225\101\215\050\200\366\121\335\147\120\145\231}{chapter.1}% 8
\BOOKMARK [1][-]{section.1.5}{\376\377\147\120\145\231\140\047\215\050\124\214\165\050\220\024\133\371\153\324}{chapter.1}% 9
\BOOKMARK [1][-]{section.1.6}{\376\377\117\134\116\032\230\230}{chapter.1}% 10
\BOOKMARK [0][-]{chapter.2}{\376\377\154\064\154\345}{}% 11
\BOOKMARK [1][-]{section.2.1}{\376\377\142\020\122\006\176\304\142\020}{chapter.2}% 12
\BOOKMARK [1][-]{section.2.2}{\376\377\154\064\154\345\142\200\147\057\140\047\215\050\060\001\117\265\206\200\060\001\147\120\145\231\220\011\142\351}{chapter.2}% 13
\BOOKMARK [1][-]{section.2.3}{\376\377\121\166\116\326\124\301\171\315\154\064\154\345}{chapter.2}% 14
\BOOKMARK [0][-]{chapter.3}{\376\377\155\367\121\335\127\037}{}% 15
\BOOKMARK [1][-]{section.3.1}{\376\377\146\156\220\032\155\367\121\335\127\037\166\204\127\372\147\054\176\304\142\020\147\120\145\231}{chapter.3}% 16
\BOOKMARK [1][-]{section.3.2}{\376\377\155\367\121\335\127\037\166\204\142\200\147\057\140\047\215\050}{chapter.3}% 17
\BOOKMARK [2][-]{subsection.3.2.1}{\376\377\137\161\124\315\155\367\121\335\127\037\137\072\136\246\166\204\126\340\175\040}{section.3.2}% 18
\BOOKMARK [2][-]{subsection.3.2.2}{\376\377\155\367\121\335\127\037\200\020\116\105\140\047\166\204\137\161\124\315\126\340\175\040}{section.3.2}% 19
\BOOKMARK [1][-]{section.3.3}{\376\377\155\367\121\335\127\037\215\050\221\317\143\247\122\066}{chapter.3}% 20
\BOOKMARK [1][-]{section.3.4}{\376\377\155\367\121\335\127\037\221\115\153\324}{chapter.3}% 21
\BOOKMARK [0][-]{chapter.4}{\376\377\170\002\155\106\060\001\224\242\147\120\060\001\154\245\227\122\060\001\130\231\117\123\147\120\145\231}{}% 22
\BOOKMARK [1][-]{section.4.1}{\376\377\170\002\155\106}{chapter.4}% 23
\BOOKMARK [1][-]{section.4.2}{\376\377\224\242\147\120}{chapter.4}% 24
\BOOKMARK [1][-]{section.4.3}{\376\377\224\242\147\120\201\120\206\200\116\016\230\204\226\062}{chapter.4}% 25
\BOOKMARK [0][-]{chapter.5}{\376\377\221\115\124\010\153\324\213\241\173\227}{}% 26
\BOOKMARK [1][-]{section.5.1}{\376\377\221\115\124\010\153\324\213\241\173\227\166\204\127\372\147\054\123\237\164\006}{chapter.5}% 27
\BOOKMARK [2][-]{subsection.5.1.1}{\376\377\116\000\116\233\123\302\145\160\213\364\146\016}{section.5.1}% 28
\BOOKMARK [1][-]{section.5.2}{\376\377\117\123\171\357\154\325\116\016\147\345\210\150\176\306\202\202}{chapter.5}% 29
\BOOKMARK [1][-]{section.5.3}{\376\377\213\376\147\054\213\241\173\227\150\110\117\213}{chapter.5}% 30
